Selection string: ((segid A and (resid 173 or resid 172 or resid 171 or resid 220 or resid 115 or resid 213 or resid 216 or resid 215) and name CA) or (segid B and (resid 141 or resid 143 or resid 142 or resid 144 or resid 77 or resid 78 or resid 79 or resid 58) and name CA)) or (resname ACh and not name H*) Cutoff: 2.5
Center: 485
Cluster size: 303
Members: [8, 10, 14, 16, 17, 19, 20, 21, 22, 23, 27, 32, 40, 41, 42, 43, 44, 46, 47, 48, 50, 54, 55, 58, 67, 69, 70, 72, 82, 89, 107, 108, 109, 110, 114, 116, 117, 119, 122, 123, 126, 134, 135, 137, 138, 145, 148, 149, 151, 152, 153, 154, 159, 161, 162, 164, 166, 167, 169, 172, 175, 176, 178, 179, 180, 181, 189, 191, 193, 197, 199, 200, 201, 203, 208, 209, 210, 212, 213, 220, 222, 225, 227, 244, 246, 256, 257, 260, 261, 264, 266, 273, 278, 279, 280, 282, 283, 284, 285, 288, 289, 290, 291, 292, 293, 294, 295, 296, 298, 301, 302, 304, 305, 306, 311, 313, 315, 316, 317, 323, 324, 327, 329, 330, 334, 337, 338, 340, 345, 347, 349, 351, 357, 360, 361, 366, 368, 370, 372, 374, 375, 377, 381, 383, 385, 386, 387, 388, 390, 391, 393, 394, 395, 397, 401, 403, 404, 405, 409, 410, 412, 413, 415, 416, 417, 418, 419, 420, 423, 424, 425, 429, 433, 439, 440, 443, 445, 454, 455, 458, 461, 463, 466, 472, 476, 477, 479, 483, 485, 488, 493, 494, 495, 499, 500, 511, 518, 523, 526, 528, 539, 540, 541, 543, 544, 545, 546, 549, 551, 552, 562, 564, 573, 575, 576, 578, 579, 582, 584, 586, 588, 590, 594, 598, 599, 607, 615, 624, 626, 630, 639, 640, 644, 647, 650, 653, 655, 656, 657, 661, 663, 664, 665, 668, 669, 671, 673, 679, 683, 688, 694, 697, 698, 705, 706, 707, 708, 711, 713, 714, 717, 720, 721, 723, 732, 733, 735, 738, 742, 746, 747, 751, 752, 753, 755, 756, 763, 765, 776, 778, 784, 785, 787, 788, 791, 793, 804, 850, 854, 895, 896, 917, 918, 919, 925, 934, 947, 949, 966, 975, 978, 979, 986]


Center: 530
Cluster size: 271
Members: [125, 128, 131, 132, 133, 140, 168, 196, 230, 243, 253, 254, 263, 270, 281, 300, 303, 307, 308, 309, 310, 314, 318, 319, 321, 322, 328, 335, 348, 356, 358, 364, 365, 373, 376, 396, 398, 400, 407, 408, 421, 428, 435, 441, 442, 444, 446, 451, 456, 457, 464, 471, 474, 475, 478, 481, 484, 486, 487, 489, 490, 491, 492, 496, 498, 502, 503, 504, 506, 507, 509, 510, 512, 513, 514, 515, 519, 520, 521, 522, 524, 525, 527, 530, 531, 533, 534, 536, 537, 538, 542, 548, 553, 554, 555, 561, 565, 567, 568, 569, 572, 587, 589, 595, 596, 600, 601, 602, 603, 604, 606, 608, 609, 610, 611, 612, 613, 618, 619, 620, 622, 623, 627, 628, 631, 632, 634, 635, 637, 638, 641, 642, 643, 645, 648, 651, 654, 658, 672, 675, 676, 678, 680, 681, 682, 684, 685, 686, 689, 690, 691, 692, 696, 701, 702, 704, 709, 712, 715, 716, 718, 719, 722, 724, 725, 726, 728, 731, 736, 739, 741, 743, 744, 745, 748, 750, 754, 757, 766, 767, 771, 773, 774, 775, 777, 779, 782, 783, 786, 790, 795, 796, 797, 798, 801, 802, 810, 815, 816, 821, 823, 830, 831, 832, 838, 839, 840, 842, 846, 847, 848, 849, 851, 852, 856, 859, 862, 863, 869, 874, 875, 877, 879, 880, 883, 884, 885, 889, 890, 892, 893, 897, 898, 899, 901, 902, 905, 906, 908, 909, 910, 911, 913, 923, 926, 928, 929, 930, 931, 936, 938, 939, 943, 950, 951, 952, 954, 956, 958, 959, 960, 961, 967, 969, 970, 973, 976, 977, 987, 991, 996]


Center: 605
Cluster size: 130
Members: [29, 35, 38, 49, 51, 52, 53, 59, 60, 62, 64, 65, 74, 75, 85, 91, 93, 95, 98, 160, 165, 177, 190, 195, 204, 214, 231, 232, 234, 235, 237, 238, 239, 240, 241, 245, 248, 250, 262, 267, 268, 269, 274, 276, 277, 354, 355, 422, 426, 438, 450, 453, 462, 497, 501, 505, 508, 529, 535, 556, 558, 560, 585, 605, 617, 687, 734, 737, 740, 762, 800, 811, 814, 817, 818, 819, 825, 826, 827, 828, 829, 833, 834, 835, 836, 837, 841, 844, 845, 853, 855, 857, 858, 860, 865, 867, 868, 870, 871, 872, 873, 876, 878, 881, 886, 894, 900, 903, 907, 914, 915, 916, 920, 921, 922, 927, 940, 964, 968, 974, 980, 981, 982, 989, 990, 992, 993, 994, 997, 998]


Center: 115
Cluster size: 77
Members: [0, 2, 4, 7, 24, 25, 28, 37, 45, 57, 61, 68, 73, 76, 77, 78, 81, 83, 84, 86, 87, 96, 99, 100, 101, 103, 106, 113, 115, 121, 127, 147, 171, 174, 184, 188, 194, 258, 320, 325, 326, 362, 371, 380, 382, 384, 432, 437, 447, 448, 452, 459, 460, 467, 468, 469, 470, 516, 517, 593, 670, 727, 759, 761, 772, 780, 781, 792, 805, 806, 807, 808, 809, 812, 941, 962, 972]


Center: 39
Cluster size: 52
Members: [1, 3, 5, 6, 11, 13, 31, 33, 36, 39, 80, 88, 92, 94, 97, 105, 120, 139, 141, 143, 146, 150, 198, 251, 252, 259, 265, 275, 286, 287, 297, 299, 331, 332, 333, 336, 339, 342, 359, 363, 392, 399, 406, 411, 414, 547, 550, 557, 566, 570, 571, 710]


Center: 104
Cluster size: 40
Members: [9, 26, 102, 104, 111, 112, 118, 124, 129, 136, 155, 156, 157, 158, 163, 170, 173, 182, 183, 185, 186, 187, 192, 219, 221, 223, 224, 226, 228, 229, 233, 236, 247, 312, 367, 378, 379, 389, 402, 646]


Center: 813
Cluster size: 24
Members: [215, 427, 480, 482, 666, 729, 730, 768, 769, 770, 794, 799, 813, 822, 824, 912, 942, 957, 971, 983, 984, 985, 999, 1000]


Center: 652
Cluster size: 21
Members: [580, 581, 583, 592, 597, 614, 616, 621, 629, 633, 636, 649, 652, 659, 660, 662, 667, 674, 677, 693, 695]


Center: 758
Cluster size: 14
Members: [79, 625, 758, 760, 789, 935, 937, 944, 946, 948, 953, 955, 963, 965]


Center: 430
Cluster size: 12
Members: [343, 353, 369, 430, 431, 436, 449, 532, 574, 932, 933, 988]


Center: 255
Cluster size: 10
Members: [202, 205, 207, 211, 216, 217, 218, 255, 271, 764]


Center: 34
Cluster size: 9
Members: [30, 34, 66, 130, 206, 242, 465, 803, 924]


Center: 56
Cluster size: 6
Members: [56, 71, 882, 887, 888, 904]


Center: 144
Cluster size: 6
Members: [142, 144, 559, 591, 843, 891]


Center: 563
Cluster size: 5
Members: [350, 563, 577, 703, 945]


Center: 820
Cluster size: 4
Members: [820, 861, 864, 866]


Center: 473
Cluster size: 3
Members: [18, 90, 473]


Center: 12
Cluster size: 2
Members: [12, 15]


Center: 341
Cluster size: 2
Members: [341, 344]


Center: 346
Cluster size: 2
Members: [346, 352]


Center: 699
Cluster size: 2
Members: [699, 700]


Center: 63
Cluster size: 1
Members: [63]


Center: 249
Cluster size: 1
Members: [249]


Center: 272
Cluster size: 1
Members: [272]


Center: 434
Cluster size: 1
Members: [434]


Center: 749
Cluster size: 1
Members: [749]


Center: 995
Cluster size: 1
Members: [995]

