Selection string: ((segid A and (resid 173 or resid 172 or resid 171 or resid 220 or resid 115 or resid 213 or resid 216 or resid 215) and name CA) or (segid B and (resid 141 or resid 143 or resid 142 or resid 144 or resid 77 or resid 78 or resid 79 or resid 58) and name CA)) or (resname ACh and not name H*) Cutoff: 2.5
Center: 271
Cluster size: 562
Members: [0, 1, 3, 4, 8, 9, 10, 13, 14, 15, 16, 17, 18, 19, 20, 21, 22, 23, 24, 28, 29, 30, 31, 32, 33, 34, 35, 36, 37, 38, 39, 40, 41, 42, 43, 46, 47, 48, 49, 51, 52, 53, 54, 55, 59, 61, 63, 64, 65, 67, 68, 69, 70, 71, 73, 74, 76, 77, 78, 79, 80, 81, 82, 83, 85, 86, 88, 89, 90, 91, 92, 93, 94, 95, 96, 97, 98, 99, 100, 101, 102, 104, 105, 106, 107, 108, 109, 111, 112, 113, 115, 116, 117, 118, 119, 120, 121, 124, 125, 126, 127, 128, 132, 134, 135, 136, 137, 139, 140, 141, 144, 145, 147, 148, 149, 150, 151, 152, 154, 155, 157, 158, 159, 160, 161, 162, 164, 165, 167, 170, 184, 188, 189, 190, 194, 195, 196, 201, 203, 204, 207, 208, 210, 213, 215, 217, 218, 219, 220, 221, 223, 224, 225, 226, 228, 229, 230, 231, 232, 234, 235, 236, 238, 239, 240, 242, 243, 244, 245, 246, 247, 248, 249, 251, 252, 253, 254, 255, 256, 258, 259, 260, 261, 262, 263, 264, 265, 266, 267, 268, 269, 270, 271, 272, 274, 275, 276, 277, 278, 279, 280, 281, 282, 283, 284, 285, 286, 288, 290, 291, 292, 293, 294, 295, 297, 298, 299, 300, 301, 302, 303, 304, 305, 308, 309, 310, 311, 312, 313, 314, 315, 316, 317, 319, 320, 321, 322, 323, 324, 325, 326, 327, 328, 330, 331, 332, 333, 334, 335, 336, 337, 338, 339, 341, 343, 344, 345, 347, 348, 349, 350, 351, 352, 353, 354, 355, 356, 361, 363, 364, 365, 366, 367, 368, 369, 370, 371, 376, 377, 380, 381, 382, 383, 385, 389, 394, 395, 397, 399, 400, 401, 404, 408, 409, 410, 417, 418, 422, 423, 431, 432, 434, 438, 439, 441, 442, 443, 444, 448, 449, 450, 452, 457, 458, 460, 461, 463, 464, 465, 467, 469, 471, 472, 474, 476, 480, 484, 485, 486, 494, 496, 499, 507, 511, 512, 514, 516, 517, 518, 520, 521, 525, 526, 527, 528, 530, 532, 533, 534, 536, 537, 538, 539, 540, 544, 546, 547, 549, 550, 551, 552, 553, 554, 555, 556, 557, 558, 559, 560, 562, 564, 567, 569, 571, 583, 586, 587, 592, 596, 598, 599, 600, 606, 610, 612, 613, 614, 616, 618, 619, 620, 621, 622, 623, 625, 626, 627, 628, 629, 630, 631, 633, 638, 642, 644, 645, 646, 647, 648, 650, 655, 656, 657, 659, 661, 662, 664, 665, 667, 668, 670, 672, 673, 675, 678, 679, 680, 681, 682, 683, 684, 685, 686, 687, 690, 692, 694, 695, 697, 698, 700, 701, 702, 703, 705, 706, 707, 710, 711, 713, 714, 715, 716, 718, 723, 727, 728, 730, 731, 734, 735, 737, 738, 740, 741, 742, 747, 748, 750, 751, 753, 755, 756, 758, 759, 760, 762, 764, 765, 767, 768, 770, 778, 785, 786, 789, 790, 791, 793, 811, 812, 813, 818, 827, 844, 846, 849, 854, 855, 856, 857, 858, 860, 862, 863, 866, 872, 873, 884, 886, 888, 889, 890, 891, 892, 894, 895, 896, 897, 904, 905, 907, 908, 909, 910, 911, 912, 914, 915, 916, 917, 918, 919, 920, 921, 923, 924, 925, 926, 928, 929, 933, 935, 937, 938, 944, 950, 953, 956, 963, 964, 967, 968, 970, 974, 983, 986, 989, 994, 995, 997, 998]


Center: 810
Cluster size: 180
Members: [2, 138, 156, 358, 360, 362, 386, 387, 390, 403, 405, 406, 407, 411, 413, 414, 420, 424, 430, 445, 451, 455, 456, 459, 483, 487, 490, 491, 492, 495, 498, 501, 502, 506, 509, 510, 548, 581, 584, 593, 594, 601, 602, 603, 604, 605, 608, 615, 617, 632, 634, 635, 639, 640, 651, 652, 653, 654, 658, 660, 663, 666, 669, 674, 676, 677, 689, 691, 693, 704, 708, 712, 717, 719, 720, 721, 722, 724, 725, 726, 729, 732, 739, 743, 744, 745, 749, 757, 772, 776, 779, 780, 788, 795, 799, 800, 801, 804, 805, 806, 807, 809, 810, 814, 815, 816, 817, 819, 820, 823, 824, 825, 829, 834, 835, 838, 839, 840, 841, 848, 853, 859, 861, 864, 867, 868, 869, 870, 871, 874, 875, 878, 879, 881, 882, 885, 887, 898, 899, 902, 903, 906, 934, 940, 941, 942, 943, 945, 947, 948, 949, 951, 952, 954, 955, 957, 958, 959, 960, 962, 965, 966, 969, 971, 972, 975, 977, 978, 979, 980, 982, 984, 985, 987, 988, 991, 993, 996, 999, 1000]


Center: 454
Cluster size: 88
Members: [5, 11, 12, 50, 171, 173, 174, 175, 178, 179, 180, 187, 191, 192, 193, 197, 198, 199, 200, 202, 206, 329, 340, 359, 372, 375, 378, 388, 391, 392, 393, 396, 398, 402, 412, 415, 416, 419, 421, 425, 426, 427, 428, 429, 433, 435, 436, 437, 440, 446, 447, 453, 454, 462, 466, 468, 470, 473, 475, 477, 478, 479, 481, 482, 488, 489, 497, 500, 503, 504, 508, 513, 515, 519, 522, 523, 524, 531, 535, 566, 570, 577, 578, 580, 582, 973, 976, 990]


Center: 185
Cluster size: 49
Members: [6, 7, 25, 26, 27, 44, 45, 56, 57, 58, 60, 62, 66, 72, 75, 84, 103, 110, 114, 122, 129, 131, 133, 142, 146, 153, 163, 166, 168, 169, 172, 182, 185, 186, 205, 212, 216, 222, 233, 237, 241, 250, 257, 287, 289, 296, 342, 357, 373]


Center: 796
Cluster size: 48
Members: [374, 493, 541, 543, 545, 561, 573, 588, 590, 591, 595, 597, 607, 609, 611, 624, 636, 637, 641, 643, 671, 699, 709, 733, 736, 746, 752, 754, 761, 763, 766, 769, 771, 773, 774, 775, 777, 781, 782, 783, 784, 787, 794, 796, 797, 798, 808, 883]


Center: 830
Cluster size: 36
Members: [176, 177, 181, 563, 565, 568, 572, 574, 575, 576, 579, 792, 802, 803, 821, 828, 830, 831, 832, 833, 836, 837, 842, 843, 845, 847, 850, 851, 852, 865, 876, 877, 880, 893, 900, 901]


Center: 143
Cluster size: 11
Members: [87, 123, 130, 143, 209, 214, 227, 273, 306, 307, 318]


Center: 922
Cluster size: 7
Members: [922, 927, 930, 931, 932, 936, 939]


Center: 981
Cluster size: 6
Members: [822, 826, 913, 961, 981, 992]


Center: 183
Cluster size: 3
Members: [183, 585, 589]


Center: 211
Cluster size: 2
Members: [211, 542]


Center: 379
Cluster size: 2
Members: [379, 384]


Center: 346
Cluster size: 1
Members: [346]


Center: 505
Cluster size: 1
Members: [505]


Center: 529
Cluster size: 1
Members: [529]


Center: 649
Cluster size: 1
Members: [649]


Center: 688
Cluster size: 1
Members: [688]


Center: 696
Cluster size: 1
Members: [696]


Center: 946
Cluster size: 1
Members: [946]

