Selection string: ((segid A and (resid 173 or resid 172 or resid 171 or resid 220 or resid 115 or resid 213 or resid 216 or resid 215) and name CA) or (segid B and (resid 141 or resid 143 or resid 142 or resid 144 or resid 77 or resid 78 or resid 79 or resid 58) and name CA)) or (resname ACh and not name H*) Cutoff: 2.5
Center: 59
Cluster size: 499
Members: [9, 10, 12, 13, 14, 16, 17, 27, 30, 31, 35, 39, 42, 53, 59, 63, 64, 75, 79, 85, 91, 95, 99, 101, 106, 107, 108, 109, 110, 111, 112, 114, 116, 117, 118, 119, 120, 121, 122, 123, 124, 125, 126, 127, 128, 135, 136, 137, 138, 140, 151, 153, 155, 156, 159, 160, 161, 162, 163, 164, 165, 166, 167, 168, 170, 173, 174, 177, 178, 180, 181, 183, 184, 185, 186, 187, 188, 190, 191, 192, 196, 197, 198, 199, 200, 202, 203, 204, 205, 206, 207, 209, 210, 211, 212, 215, 216, 217, 218, 221, 222, 223, 224, 225, 226, 227, 228, 232, 234, 235, 237, 239, 240, 241, 242, 243, 244, 246, 247, 248, 249, 250, 251, 252, 253, 254, 255, 256, 257, 258, 259, 260, 262, 265, 266, 270, 272, 275, 276, 277, 278, 279, 280, 281, 282, 283, 285, 286, 287, 289, 290, 293, 294, 295, 299, 300, 302, 303, 304, 305, 309, 312, 313, 316, 319, 320, 322, 325, 328, 329, 333, 334, 338, 340, 346, 348, 350, 351, 353, 354, 355, 356, 357, 358, 359, 360, 361, 362, 364, 369, 373, 378, 380, 381, 382, 383, 385, 386, 387, 388, 390, 392, 393, 397, 398, 399, 401, 403, 408, 411, 414, 416, 417, 418, 419, 421, 422, 424, 425, 426, 430, 431, 432, 433, 434, 436, 437, 441, 442, 447, 448, 449, 450, 452, 453, 455, 456, 457, 458, 459, 460, 461, 462, 463, 464, 465, 469, 474, 476, 478, 486, 488, 490, 493, 502, 512, 513, 516, 524, 525, 526, 527, 529, 533, 535, 540, 543, 544, 546, 547, 548, 565, 569, 570, 574, 576, 583, 585, 592, 595, 597, 598, 599, 600, 602, 604, 605, 606, 607, 608, 610, 617, 618, 620, 621, 623, 624, 625, 627, 628, 629, 636, 638, 640, 646, 650, 651, 653, 655, 658, 661, 662, 663, 675, 686, 692, 693, 695, 703, 708, 711, 712, 713, 714, 715, 716, 717, 718, 722, 724, 725, 726, 728, 731, 732, 734, 736, 737, 744, 745, 746, 747, 748, 749, 752, 753, 754, 757, 758, 759, 760, 762, 763, 764, 765, 767, 768, 771, 773, 774, 775, 777, 778, 779, 780, 782, 784, 786, 789, 791, 792, 793, 795, 796, 797, 798, 799, 800, 801, 802, 803, 804, 805, 806, 807, 808, 809, 810, 812, 813, 815, 816, 817, 819, 821, 822, 824, 826, 828, 829, 830, 832, 834, 836, 837, 839, 840, 841, 842, 845, 848, 849, 850, 851, 852, 853, 854, 855, 856, 857, 859, 860, 862, 863, 865, 866, 867, 868, 869, 870, 874, 875, 876, 877, 878, 879, 880, 882, 883, 884, 885, 886, 887, 888, 889, 892, 893, 894, 896, 897, 898, 899, 904, 908, 913, 919, 920, 922, 924, 926, 927, 928, 930, 931, 933, 934, 935, 936, 937, 943, 944, 946, 948, 953, 956, 957, 958, 959, 960, 961, 962, 964, 965, 968, 971, 973, 975, 976, 978, 980, 981, 982, 984, 990, 992, 993, 995, 998, 1000]


Center: 649
Cluster size: 147
Members: [8, 25, 310, 314, 315, 323, 324, 335, 345, 352, 389, 404, 406, 407, 409, 410, 412, 413, 415, 420, 438, 439, 443, 445, 466, 472, 481, 483, 484, 489, 492, 495, 497, 503, 504, 505, 506, 508, 509, 510, 511, 514, 515, 517, 518, 519, 520, 528, 530, 531, 532, 536, 537, 538, 539, 541, 542, 549, 550, 551, 552, 553, 554, 557, 558, 559, 561, 562, 563, 564, 566, 567, 568, 572, 573, 575, 577, 579, 584, 586, 587, 588, 589, 590, 591, 593, 594, 596, 601, 609, 611, 612, 613, 614, 615, 616, 619, 622, 630, 631, 632, 633, 634, 635, 637, 641, 642, 647, 649, 665, 678, 679, 681, 683, 684, 690, 691, 697, 699, 700, 702, 704, 707, 710, 720, 738, 741, 742, 743, 751, 756, 781, 783, 787, 788, 811, 833, 835, 902, 903, 905, 915, 916, 917, 918, 929, 932]


Center: 988
Cluster size: 104
Members: [18, 23, 26, 45, 46, 94, 100, 105, 115, 129, 133, 141, 142, 144, 145, 146, 147, 148, 149, 150, 157, 194, 201, 231, 233, 269, 273, 274, 291, 292, 296, 321, 347, 370, 371, 372, 374, 375, 377, 394, 400, 402, 454, 496, 556, 560, 626, 648, 652, 657, 659, 669, 677, 685, 687, 689, 694, 701, 719, 727, 729, 730, 740, 750, 776, 785, 814, 823, 843, 844, 846, 847, 891, 895, 907, 909, 910, 912, 921, 923, 925, 938, 945, 947, 949, 950, 951, 952, 954, 955, 963, 967, 969, 970, 972, 974, 977, 979, 983, 985, 987, 988, 997, 999]


Center: 794
Cluster size: 78
Members: [34, 36, 37, 54, 60, 61, 62, 66, 74, 76, 83, 84, 86, 90, 92, 93, 96, 97, 98, 103, 131, 132, 134, 219, 297, 298, 301, 306, 308, 311, 365, 367, 368, 379, 396, 487, 545, 571, 578, 639, 643, 644, 654, 666, 673, 676, 709, 766, 769, 770, 772, 790, 794, 825, 827, 831, 838, 861, 864, 871, 872, 873, 881, 890, 901, 906, 911, 914, 939, 940, 941, 942, 966, 986, 989, 991, 994, 996]


Center: 317
Cluster size: 58
Members: [171, 172, 195, 208, 213, 214, 220, 230, 236, 261, 263, 267, 268, 284, 288, 307, 317, 318, 330, 331, 332, 336, 337, 339, 344, 405, 423, 427, 428, 429, 435, 440, 444, 446, 451, 467, 468, 470, 471, 473, 475, 477, 480, 482, 485, 491, 494, 498, 499, 500, 501, 507, 521, 522, 523, 818, 820, 900]


Center: 38
Cluster size: 32
Members: [3, 4, 5, 6, 7, 11, 15, 20, 21, 22, 24, 28, 29, 32, 33, 38, 40, 41, 44, 67, 68, 72, 87, 88, 104, 169, 175, 176, 179, 182, 189, 739]


Center: 645
Cluster size: 17
Members: [534, 555, 580, 582, 603, 645, 656, 664, 667, 671, 674, 682, 705, 733, 735, 755, 761]


Center: 52
Cluster size: 14
Members: [50, 52, 55, 56, 57, 58, 65, 69, 70, 71, 73, 81, 82, 130]


Center: 139
Cluster size: 13
Members: [139, 143, 154, 158, 193, 229, 238, 264, 271, 349, 581, 723, 858]


Center: 384
Cluster size: 11
Members: [366, 376, 384, 660, 668, 670, 672, 680, 688, 696, 698]


Center: 2
Cluster size: 10
Members: [0, 1, 2, 47, 48, 49, 51, 77, 78, 113]


Center: 341
Cluster size: 4
Members: [341, 342, 343, 363]


Center: 43
Cluster size: 3
Members: [43, 479, 721]


Center: 89
Cluster size: 2
Members: [89, 102]


Center: 326
Cluster size: 2
Members: [326, 327]


Center: 19
Cluster size: 1
Members: [19]


Center: 80
Cluster size: 1
Members: [80]


Center: 152
Cluster size: 1
Members: [152]


Center: 245
Cluster size: 1
Members: [245]


Center: 391
Cluster size: 1
Members: [391]


Center: 395
Cluster size: 1
Members: [395]


Center: 706
Cluster size: 1
Members: [706]

