Selection string: ((segid A and (resid 173 or resid 172 or resid 171 or resid 220 or resid 115 or resid 213 or resid 216 or resid 215) and name CA) or (segid B and (resid 141 or resid 143 or resid 142 or resid 144 or resid 77 or resid 78 or resid 79 or resid 58) and name CA)) or (resname DPM and not name H*) Cutoff: 2.5
Center: 329
Cluster size: 341
Members: [1, 9, 10, 11, 12, 21, 22, 25, 26, 27, 42, 45, 49, 50, 69, 79, 85, 89, 90, 91, 93, 94, 95, 98, 99, 101, 102, 103, 104, 105, 106, 107, 110, 111, 112, 114, 115, 118, 120, 121, 122, 126, 127, 128, 131, 132, 133, 135, 138, 140, 142, 158, 159, 160, 162, 165, 171, 178, 179, 184, 193, 195, 197, 200, 201, 202, 204, 205, 206, 208, 209, 210, 213, 215, 216, 223, 225, 239, 245, 252, 254, 255, 257, 261, 264, 267, 269, 271, 274, 276, 277, 278, 279, 280, 291, 292, 304, 308, 313, 316, 317, 318, 320, 322, 328, 329, 333, 334, 337, 338, 339, 344, 346, 347, 349, 351, 353, 354, 357, 358, 359, 362, 364, 365, 367, 381, 383, 386, 388, 392, 393, 394, 395, 396, 397, 410, 412, 414, 419, 435, 440, 441, 444, 447, 451, 453, 456, 460, 462, 463, 470, 477, 487, 488, 492, 495, 503, 505, 512, 519, 534, 544, 545, 552, 553, 554, 555, 563, 564, 565, 568, 570, 578, 585, 586, 590, 591, 598, 600, 609, 614, 626, 630, 640, 642, 649, 671, 672, 680, 681, 685, 686, 688, 689, 690, 691, 693, 694, 697, 698, 699, 701, 704, 706, 707, 711, 714, 715, 716, 717, 718, 719, 720, 721, 724, 725, 727, 729, 730, 733, 734, 739, 740, 744, 746, 747, 757, 761, 762, 763, 764, 765, 766, 767, 769, 770, 774, 775, 777, 779, 780, 781, 786, 788, 790, 791, 796, 797, 799, 802, 803, 804, 805, 808, 809, 811, 814, 818, 821, 824, 826, 827, 828, 830, 831, 832, 834, 835, 838, 843, 848, 850, 853, 855, 856, 857, 858, 859, 860, 863, 864, 867, 868, 869, 871, 873, 874, 876, 880, 883, 884, 885, 892, 893, 894, 895, 899, 903, 904, 905, 906, 907, 908, 910, 913, 918, 923, 932, 933, 942, 943, 944, 949, 950, 951, 952, 953, 955, 956, 957, 958, 959, 960, 961, 962, 966, 967, 968, 973, 974, 975, 976, 980, 982, 983, 984, 987, 988, 990, 995, 998]


Center: 170
Cluster size: 299
Members: [7, 14, 20, 23, 24, 31, 32, 33, 34, 35, 36, 38, 39, 40, 41, 43, 44, 46, 47, 48, 51, 52, 53, 54, 55, 56, 60, 61, 62, 63, 64, 65, 66, 81, 82, 83, 84, 86, 87, 88, 92, 97, 100, 109, 113, 116, 117, 119, 125, 129, 130, 134, 137, 139, 141, 145, 146, 147, 149, 150, 153, 154, 161, 163, 167, 168, 169, 170, 172, 174, 175, 181, 183, 185, 186, 187, 189, 190, 191, 192, 203, 246, 247, 248, 249, 250, 251, 256, 258, 262, 263, 268, 270, 281, 284, 285, 286, 287, 288, 294, 295, 296, 297, 298, 300, 301, 302, 303, 305, 307, 310, 311, 314, 315, 319, 321, 323, 324, 326, 327, 330, 331, 332, 336, 348, 350, 355, 356, 360, 361, 363, 366, 368, 370, 371, 372, 373, 375, 376, 378, 380, 382, 384, 387, 389, 390, 391, 398, 402, 403, 405, 406, 407, 409, 416, 417, 418, 420, 421, 423, 424, 427, 428, 431, 442, 466, 467, 468, 469, 471, 472, 473, 475, 478, 479, 480, 482, 483, 484, 485, 494, 496, 497, 499, 502, 504, 511, 513, 516, 517, 526, 528, 529, 530, 539, 540, 543, 546, 547, 556, 560, 561, 562, 569, 573, 581, 587, 594, 595, 596, 599, 607, 616, 617, 620, 621, 625, 628, 631, 633, 634, 637, 639, 641, 643, 651, 652, 653, 655, 657, 661, 675, 679, 695, 700, 703, 731, 732, 736, 737, 738, 741, 749, 750, 751, 752, 753, 754, 755, 756, 758, 759, 760, 776, 778, 784, 785, 800, 801, 815, 822, 823, 825, 833, 839, 841, 844, 846, 862, 866, 882, 887, 891, 900, 902, 909, 911, 912, 919, 920, 921, 922, 924, 926, 928, 938, 939, 940, 941, 948, 954, 963, 965, 979, 981, 989, 992, 993, 994]


Center: 687
Cluster size: 92
Members: [3, 4, 5, 6, 16, 17, 18, 28, 29, 30, 80, 123, 151, 156, 157, 164, 176, 180, 198, 199, 214, 222, 224, 226, 227, 228, 229, 231, 237, 238, 240, 241, 242, 244, 253, 260, 265, 266, 272, 273, 275, 283, 290, 293, 312, 325, 341, 379, 400, 408, 413, 415, 422, 425, 426, 430, 432, 443, 446, 449, 455, 457, 458, 461, 465, 490, 501, 509, 536, 574, 605, 632, 654, 666, 667, 668, 677, 683, 684, 687, 702, 713, 722, 726, 813, 854, 861, 875, 879, 881, 890, 901]


Center: 404
Cluster size: 86
Members: [385, 399, 401, 404, 411, 433, 434, 436, 438, 439, 448, 464, 486, 500, 506, 507, 508, 510, 514, 515, 520, 521, 522, 525, 527, 531, 533, 535, 537, 538, 541, 542, 548, 549, 550, 551, 557, 558, 559, 566, 567, 571, 572, 575, 576, 577, 579, 580, 582, 583, 584, 592, 593, 597, 601, 602, 603, 604, 606, 608, 610, 611, 612, 618, 619, 624, 627, 635, 645, 646, 650, 658, 659, 660, 662, 663, 664, 665, 669, 673, 676, 678, 682, 692, 708, 709]


Center: 851
Cluster size: 67
Members: [0, 67, 96, 108, 136, 143, 144, 148, 152, 155, 182, 207, 211, 212, 217, 218, 219, 220, 221, 230, 232, 233, 234, 235, 236, 243, 259, 289, 299, 309, 340, 342, 343, 345, 352, 489, 491, 493, 710, 712, 792, 806, 817, 819, 847, 849, 851, 852, 870, 872, 878, 886, 889, 896, 897, 898, 915, 917, 925, 927, 929, 930, 931, 936, 964, 971, 1000]


Center: 2
Cluster size: 29
Members: [2, 452, 454, 459, 474, 476, 498, 629, 696, 723, 728, 735, 742, 745, 748, 768, 772, 782, 789, 807, 836, 840, 842, 865, 877, 969, 978, 986, 991]


Center: 75
Cluster size: 21
Members: [13, 15, 19, 57, 58, 59, 68, 70, 71, 72, 73, 74, 75, 76, 78, 173, 282, 429, 647, 970, 977]


Center: 829
Cluster size: 19
Members: [335, 374, 377, 523, 524, 532, 783, 794, 795, 798, 829, 837, 934, 935, 937, 945, 946, 947, 985]


Center: 306
Cluster size: 13
Members: [306, 613, 615, 638, 644, 648, 705, 743, 916, 972, 996, 997, 999]


Center: 589
Cluster size: 6
Members: [196, 588, 589, 622, 623, 636]


Center: 787
Cluster size: 5
Members: [771, 773, 787, 816, 845]


Center: 166
Cluster size: 4
Members: [166, 177, 188, 194]


Center: 369
Cluster size: 4
Members: [369, 445, 670, 674]


Center: 8
Cluster size: 3
Members: [8, 37, 656]


Center: 810
Cluster size: 3
Members: [810, 812, 820]


Center: 888
Cluster size: 3
Members: [793, 888, 914]


Center: 77
Cluster size: 2
Members: [77, 518]


Center: 437
Cluster size: 2
Members: [437, 450]


Center: 124
Cluster size: 1
Members: [124]


Center: 481
Cluster size: 1
Members: [481]

