Selection string: ((segid A and (resid 173 or resid 172 or resid 171 or resid 220 or resid 115 or resid 213 or resid 216 or resid 215) and name CA) or (segid B and (resid 141 or resid 143 or resid 142 or resid 144 or resid 77 or resid 78 or resid 79 or resid 58) and name CA)) or (resname DPM and not name H*) Cutoff: 2.5
Center: 571
Cluster size: 737
Members: [0, 3, 4, 6, 7, 9, 10, 11, 12, 13, 14, 16, 19, 21, 23, 27, 37, 38, 41, 43, 50, 51, 53, 54, 56, 57, 58, 59, 60, 61, 62, 63, 64, 65, 66, 67, 68, 71, 72, 74, 76, 77, 80, 82, 83, 84, 85, 86, 87, 90, 92, 94, 95, 96, 97, 98, 99, 100, 104, 105, 106, 108, 109, 113, 114, 115, 117, 118, 122, 123, 128, 129, 130, 132, 135, 137, 142, 143, 144, 145, 146, 147, 148, 149, 150, 151, 152, 153, 154, 155, 156, 158, 159, 160, 161, 162, 163, 164, 167, 168, 169, 170, 182, 185, 188, 190, 191, 192, 195, 196, 198, 199, 203, 205, 206, 208, 210, 215, 216, 218, 221, 222, 223, 224, 227, 230, 231, 232, 233, 234, 236, 237, 238, 239, 240, 241, 242, 243, 244, 245, 247, 248, 249, 250, 251, 252, 253, 254, 255, 256, 257, 258, 260, 261, 262, 263, 264, 265, 266, 267, 268, 269, 270, 272, 273, 274, 275, 276, 278, 279, 280, 282, 284, 285, 286, 288, 289, 290, 291, 293, 295, 296, 297, 298, 300, 301, 302, 303, 304, 305, 306, 307, 308, 309, 310, 311, 312, 313, 315, 316, 317, 318, 319, 322, 324, 325, 326, 327, 329, 332, 336, 337, 339, 340, 341, 342, 343, 344, 345, 346, 347, 348, 349, 350, 351, 352, 353, 354, 355, 356, 357, 358, 359, 361, 362, 363, 364, 366, 367, 368, 369, 370, 371, 372, 373, 374, 375, 376, 377, 378, 379, 380, 381, 382, 383, 384, 385, 386, 387, 388, 390, 391, 392, 393, 394, 395, 396, 397, 398, 399, 400, 402, 403, 404, 405, 406, 407, 408, 409, 410, 411, 412, 413, 414, 415, 416, 417, 418, 419, 420, 421, 422, 423, 424, 425, 426, 427, 428, 429, 431, 432, 433, 434, 435, 436, 437, 438, 440, 441, 442, 443, 444, 445, 446, 447, 448, 449, 450, 451, 452, 454, 455, 456, 457, 458, 459, 460, 461, 462, 463, 464, 465, 466, 467, 468, 469, 470, 471, 473, 474, 475, 476, 477, 478, 479, 480, 481, 482, 483, 484, 485, 486, 487, 488, 489, 490, 491, 492, 493, 494, 496, 498, 499, 500, 501, 502, 503, 504, 505, 506, 507, 508, 509, 510, 511, 512, 514, 515, 516, 517, 518, 519, 520, 521, 522, 523, 524, 527, 529, 531, 533, 534, 535, 536, 537, 538, 539, 540, 541, 542, 543, 544, 545, 547, 549, 550, 551, 552, 554, 555, 558, 560, 561, 562, 563, 564, 566, 570, 571, 572, 573, 574, 575, 576, 578, 579, 582, 583, 584, 585, 586, 587, 588, 589, 590, 591, 592, 593, 594, 595, 596, 597, 598, 599, 600, 601, 602, 603, 604, 605, 606, 607, 608, 609, 610, 611, 612, 614, 616, 617, 618, 619, 620, 621, 622, 623, 624, 625, 626, 627, 628, 629, 631, 632, 633, 634, 635, 636, 638, 641, 642, 643, 645, 646, 647, 648, 649, 650, 651, 652, 653, 654, 655, 657, 659, 660, 661, 663, 664, 665, 666, 667, 668, 669, 670, 671, 673, 675, 676, 677, 679, 683, 686, 687, 690, 691, 694, 696, 700, 704, 705, 706, 707, 710, 711, 715, 717, 718, 719, 720, 721, 724, 725, 726, 727, 728, 729, 730, 731, 732, 733, 734, 735, 736, 737, 738, 739, 740, 741, 742, 743, 744, 745, 746, 747, 748, 749, 750, 751, 752, 753, 754, 755, 756, 757, 760, 761, 762, 763, 764, 765, 766, 767, 768, 769, 770, 771, 772, 773, 775, 776, 777, 778, 779, 780, 781, 782, 783, 784, 787, 788, 789, 790, 792, 793, 794, 795, 796, 797, 798, 799, 800, 802, 803, 805, 806, 807, 809, 810, 813, 816, 817, 821, 825, 826, 827, 828, 829, 830, 832, 833, 834, 835, 837, 838, 839, 840, 842, 844, 845, 847, 848, 849, 850, 852, 853, 854, 855, 856, 857, 858, 859, 860, 861, 864, 866, 867, 868, 869, 870, 871, 872, 873, 876, 877, 881, 882, 885, 886, 887, 888, 889, 893, 894, 895, 896, 897, 899, 900, 901, 902, 903, 904, 905, 906, 908, 909, 910, 911, 912, 913, 914, 915, 916, 917, 918, 919, 920, 921, 922, 932, 933, 936, 938, 941, 942, 943, 944, 945, 946, 947, 948, 950, 951, 953, 956, 958, 959, 960, 962, 963, 964, 965, 966, 969, 970, 972, 975, 976, 977, 978, 979, 981, 984, 986, 987, 988, 989, 990, 991, 992, 993, 995, 997, 998, 999, 1000]


Center: 330
Cluster size: 135
Members: [1, 2, 8, 15, 17, 18, 20, 22, 24, 25, 26, 28, 29, 30, 31, 32, 33, 34, 35, 36, 39, 40, 42, 46, 48, 52, 55, 69, 70, 73, 75, 78, 79, 81, 88, 89, 91, 93, 101, 102, 103, 107, 110, 111, 112, 116, 119, 120, 126, 127, 131, 133, 134, 136, 138, 139, 166, 171, 173, 176, 180, 183, 184, 186, 193, 194, 201, 202, 204, 207, 209, 211, 212, 213, 217, 219, 220, 235, 246, 259, 271, 283, 287, 292, 294, 299, 314, 320, 323, 328, 330, 331, 333, 334, 335, 389, 401, 495, 525, 526, 528, 546, 548, 553, 556, 567, 568, 569, 577, 580, 613, 615, 637, 640, 644, 656, 658, 662, 674, 678, 681, 682, 692, 695, 698, 701, 758, 759, 815, 822, 831, 836, 841, 874, 878]


Center: 197
Cluster size: 54
Members: [121, 172, 174, 175, 178, 179, 181, 187, 189, 197, 200, 439, 453, 472, 497, 513, 557, 559, 791, 811, 814, 818, 843, 846, 851, 862, 863, 875, 879, 880, 883, 884, 890, 891, 892, 898, 907, 923, 924, 927, 929, 930, 931, 967, 968, 971, 973, 974, 980, 982, 983, 985, 994, 996]


Center: 961
Cluster size: 18
Members: [157, 430, 532, 680, 708, 804, 808, 819, 928, 934, 935, 937, 939, 940, 949, 954, 955, 961]


Center: 672
Cluster size: 15
Members: [639, 672, 684, 693, 697, 699, 702, 703, 709, 712, 713, 714, 716, 722, 723]


Center: 820
Cluster size: 13
Members: [321, 338, 360, 365, 785, 786, 820, 823, 824, 925, 926, 952, 957]


Center: 124
Cluster size: 5
Members: [44, 45, 47, 124, 141]


Center: 214
Cluster size: 4
Members: [214, 225, 226, 229]


Center: 581
Cluster size: 4
Members: [581, 685, 688, 689]


Center: 49
Cluster size: 3
Members: [49, 140, 177]


Center: 165
Cluster size: 3
Members: [165, 228, 530]


Center: 630
Cluster size: 3
Members: [630, 774, 801]


Center: 5
Cluster size: 2
Members: [5, 125]


Center: 277
Cluster size: 2
Members: [277, 281]


Center: 565
Cluster size: 1
Members: [565]


Center: 812
Cluster size: 1
Members: [812]


Center: 865
Cluster size: 1
Members: [865]

